<?xml version="1.0" encoding="UTF-8"?>
<!-- Generated by org.testng.reporters.JUnitXMLReporter -->
<testsuite ignored="2" hostname="DESKTOP-EI1MF8H" failures="0" tests="1" name="Default test" time="21.102" errors="0" timestamp="2022-01-28T21:08:24 BDT">
  <testcase classname="sqa.Automation" name="verifyCalculation" time="11.571"/>
  <testcase classname="sqa.Automation" name="selectEMICalculator" time="0.0">
    <ignored/>
  </testcase> <!-- selectEMICalculator -->
  <testcase classname="sqa.Automation" name="calculateEMI" time="0.0">
    <ignored/>
  </testcase> <!-- calculateEMI -->
</testsuite> <!-- Default test -->
