<?xml version="1.0" encoding="UTF-8"?>
<!-- Generated by org.testng.reporters.JUnitXMLReporter -->
<testsuite ignored="1" hostname="DESKTOP-EI1MF8H" failures="0" tests="1" name="Default test" time="27.366" errors="0" timestamp="2021-12-08T23:08:57 BDT">
  <testcase classname="sqa.Automation" name="calculateEMI" time="18.902"/>
  <testcase classname="sqa.Automation" name="selectEMICalculator" time="0.0">
    <ignored/>
  </testcase> <!-- selectEMICalculator -->
</testsuite> <!-- Default test -->
