<?xml version="1.0" encoding="UTF-8"?>
<testng-results ignored="2" total="3" passed="1" failed="0" skipped="0">
  <reporter-output>
  </reporter-output>
  <suite started-at="2022-01-17T18:42:24 BDT" name="Default suite" finished-at="2022-01-17T18:42:46 BDT" duration-ms="21711">
    <groups>
    </groups>
    <test started-at="2022-01-17T18:42:24 BDT" name="Default test" finished-at="2022-01-17T18:42:46 BDT" duration-ms="21711">
      <class name="sqa.Automation">
        <test-method is-config="true" signature="setUp()[pri:0, instance:sqa.Automation@1725dc0f]" started-at="2022-01-17T18:42:24 BDT" name="setUp" finished-at="2022-01-17T18:42:34 BDT" duration-ms="9423" status="PASS">
          <reporter-output>
          </reporter-output>
        </test-method> <!-- setUp -->
        <test-method signature="verifyCalculation()[pri:0, instance:sqa.Automation@1725dc0f]" started-at="2022-01-17T18:42:34 BDT" name="verifyCalculation" finished-at="2022-01-17T18:42:45 BDT" duration-ms="11431" status="PASS">
          <reporter-output>
          </reporter-output>
        </test-method> <!-- verifyCalculation -->
        <test-method is-config="true" signature="teadDown()[pri:0, instance:sqa.Automation@1725dc0f]" started-at="2022-01-17T18:42:45 BDT" name="teadDown" finished-at="2022-01-17T18:42:46 BDT" duration-ms="816" status="PASS">
          <reporter-output>
          </reporter-output>
        </test-method> <!-- teadDown -->
      </class> <!-- sqa.Automation -->
    </test> <!-- Default test -->
  </suite> <!-- Default suite -->
</testng-results>
