<?xml version="1.0" encoding="UTF-8"?>
<testng-results ignored="2" total="3" passed="1" failed="0" skipped="0">
  <reporter-output>
  </reporter-output>
  <suite started-at="2022-01-28T21:08:03 BDT" name="Default suite" finished-at="2022-01-28T21:08:24 BDT" duration-ms="21102">
    <groups>
    </groups>
    <test started-at="2022-01-28T21:08:03 BDT" name="Default test" finished-at="2022-01-28T21:08:24 BDT" duration-ms="21102">
      <class name="sqa.Automation">
        <test-method is-config="true" signature="setUp()[pri:0, instance:sqa.Automation@38145825]" started-at="2022-01-28T21:08:03 BDT" name="setUp" finished-at="2022-01-28T21:08:11 BDT" duration-ms="8066" status="PASS">
          <reporter-output>
          </reporter-output>
        </test-method> <!-- setUp -->
        <test-method signature="verifyCalculation()[pri:0, instance:sqa.Automation@38145825]" started-at="2022-01-28T21:08:11 BDT" name="verifyCalculation" finished-at="2022-01-28T21:08:23 BDT" duration-ms="11571" status="PASS">
          <reporter-output>
          </reporter-output>
        </test-method> <!-- verifyCalculation -->
        <test-method is-config="true" signature="teadDown()[pri:0, instance:sqa.Automation@38145825]" started-at="2022-01-28T21:08:23 BDT" name="teadDown" finished-at="2022-01-28T21:08:24 BDT" duration-ms="1384" status="PASS">
          <reporter-output>
          </reporter-output>
        </test-method> <!-- teadDown -->
      </class> <!-- sqa.Automation -->
    </test> <!-- Default test -->
  </suite> <!-- Default suite -->
</testng-results>
